<?xml version="1.0" encoding="UTF-8"?>
<testsuites>
  <testsuite name="/Users/jadebyurei/Desktop/flaphl/src/Flaphl/Element/Cache/phpunit.xml.dist" tests="96" assertions="305" errors="0" failures="1" skipped="0" time="4.063773">
    <testsuite name="Flaphl Cache Tests" tests="96" assertions="305" errors="0" failures="1" skipped="0" time="4.063773">
      <testsuite name="Flaphl\Element\Cache\Tests\Adapter\ArrayAdapterTest" file="/Users/jadebyurei/Desktop/flaphl/src/Flaphl/Element/Cache/Tests/Adapter/ArrayAdapterTest.php" tests="18" assertions="62" errors="0" failures="0" skipped="0" time="2.021768">
        <testcase name="testImplementsInterfaces" file="/Users/jadebyurei/Desktop/flaphl/src/Flaphl/Element/Cache/Tests/Adapter/ArrayAdapterTest.php" line="28" class="Flaphl\Element\Cache\Tests\Adapter\ArrayAdapterTest" classname="Flaphl.Element.Cache.Tests.Adapter.ArrayAdapterTest" assertions="2" time="0.008779"/>
        <testcase name="testGetItem" file="/Users/jadebyurei/Desktop/flaphl/src/Flaphl/Element/Cache/Tests/Adapter/ArrayAdapterTest.php" line="34" class="Flaphl\Element\Cache\Tests\Adapter\ArrayAdapterTest" classname="Flaphl.Element.Cache.Tests.Adapter.ArrayAdapterTest" assertions="3" time="0.002178"/>
        <testcase name="testGetItems" file="/Users/jadebyurei/Desktop/flaphl/src/Flaphl/Element/Cache/Tests/Adapter/ArrayAdapterTest.php" line="43" class="Flaphl\Element\Cache\Tests\Adapter\ArrayAdapterTest" classname="Flaphl.Element.Cache.Tests.Adapter.ArrayAdapterTest" assertions="10" time="0.000754"/>
        <testcase name="testHasItem" file="/Users/jadebyurei/Desktop/flaphl/src/Flaphl/Element/Cache/Tests/Adapter/ArrayAdapterTest.php" line="58" class="Flaphl\Element\Cache\Tests\Adapter\ArrayAdapterTest" classname="Flaphl.Element.Cache.Tests.Adapter.ArrayAdapterTest" assertions="2" time="0.000474"/>
        <testcase name="testSaveAndRetrieve" file="/Users/jadebyurei/Desktop/flaphl/src/Flaphl/Element/Cache/Tests/Adapter/ArrayAdapterTest.php" line="70" class="Flaphl\Element\Cache\Tests\Adapter\ArrayAdapterTest" classname="Flaphl.Element.Cache.Tests.Adapter.ArrayAdapterTest" assertions="3" time="0.000177"/>
        <testcase name="testSaveMultiple" file="/Users/jadebyurei/Desktop/flaphl/src/Flaphl/Element/Cache/Tests/Adapter/ArrayAdapterTest.php" line="83" class="Flaphl\Element\Cache\Tests\Adapter\ArrayAdapterTest" classname="Flaphl.Element.Cache.Tests.Adapter.ArrayAdapterTest" assertions="6" time="0.000195"/>
        <testcase name="testDeleteItem" file="/Users/jadebyurei/Desktop/flaphl/src/Flaphl/Element/Cache/Tests/Adapter/ArrayAdapterTest.php" line="103" class="Flaphl\Element\Cache\Tests\Adapter\ArrayAdapterTest" classname="Flaphl.Element.Cache.Tests.Adapter.ArrayAdapterTest" assertions="3" time="0.000179"/>
        <testcase name="testDeleteItems" file="/Users/jadebyurei/Desktop/flaphl/src/Flaphl/Element/Cache/Tests/Adapter/ArrayAdapterTest.php" line="115" class="Flaphl\Element\Cache\Tests\Adapter\ArrayAdapterTest" classname="Flaphl.Element.Cache.Tests.Adapter.ArrayAdapterTest" assertions="4" time="0.000309"/>
        <testcase name="testClear" file="/Users/jadebyurei/Desktop/flaphl/src/Flaphl/Element/Cache/Tests/Adapter/ArrayAdapterTest.php" line="131" class="Flaphl\Element\Cache\Tests\Adapter\ArrayAdapterTest" classname="Flaphl.Element.Cache.Tests.Adapter.ArrayAdapterTest" assertions="4" time="0.000177"/>
        <testcase name="testExpiration" file="/Users/jadebyurei/Desktop/flaphl/src/Flaphl/Element/Cache/Tests/Adapter/ArrayAdapterTest.php" line="148" class="Flaphl\Element\Cache\Tests\Adapter\ArrayAdapterTest" classname="Flaphl.Element.Cache.Tests.Adapter.ArrayAdapterTest" assertions="2" time="2.002591"/>
        <testcase name="testMaxItemsLimit" file="/Users/jadebyurei/Desktop/flaphl/src/Flaphl/Element/Cache/Tests/Adapter/ArrayAdapterTest.php" line="163" class="Flaphl\Element\Cache\Tests\Adapter\ArrayAdapterTest" classname="Flaphl.Element.Cache.Tests.Adapter.ArrayAdapterTest" assertions="2" time="0.002672"/>
        <testcase name="testGetStats" file="/Users/jadebyurei/Desktop/flaphl/src/Flaphl/Element/Cache/Tests/Adapter/ArrayAdapterTest.php" line="178" class="Flaphl\Element\Cache\Tests\Adapter\ArrayAdapterTest" classname="Flaphl.Element.Cache.Tests.Adapter.ArrayAdapterTest" assertions="6" time="0.000474"/>
        <testcase name="testOptimize" file="/Users/jadebyurei/Desktop/flaphl/src/Flaphl/Element/Cache/Tests/Adapter/ArrayAdapterTest.php" line="190" class="Flaphl\Element\Cache\Tests\Adapter\ArrayAdapterTest" classname="Flaphl.Element.Cache.Tests.Adapter.ArrayAdapterTest" assertions="2" time="0.000415"/>
        <testcase name="testWithNamespace" file="/Users/jadebyurei/Desktop/flaphl/src/Flaphl/Element/Cache/Tests/Adapter/ArrayAdapterTest.php" line="210" class="Flaphl\Element\Cache\Tests\Adapter\ArrayAdapterTest" classname="Flaphl.Element.Cache.Tests.Adapter.ArrayAdapterTest" assertions="2" time="0.000132"/>
        <testcase name="testInvalidKeyException" file="/Users/jadebyurei/Desktop/flaphl/src/Flaphl/Element/Cache/Tests/Adapter/ArrayAdapterTest.php" line="225" class="Flaphl\Element\Cache\Tests\Adapter\ArrayAdapterTest" classname="Flaphl.Element.Cache.Tests.Adapter.ArrayAdapterTest" assertions="1" time="0.001664"/>
        <testcase name="testSaveDeferred" file="/Users/jadebyurei/Desktop/flaphl/src/Flaphl/Element/Cache/Tests/Adapter/ArrayAdapterTest.php" line="231" class="Flaphl\Element\Cache\Tests\Adapter\ArrayAdapterTest" classname="Flaphl.Element.Cache.Tests.Adapter.ArrayAdapterTest" assertions="4" time="0.000171"/>
        <testcase name="testResetStats" file="/Users/jadebyurei/Desktop/flaphl/src/Flaphl/Element/Cache/Tests/Adapter/ArrayAdapterTest.php" line="248" class="Flaphl\Element\Cache\Tests\Adapter\ArrayAdapterTest" classname="Flaphl.Element.Cache.Tests.Adapter.ArrayAdapterTest" assertions="3" time="0.000264"/>
        <testcase name="testPrune" file="/Users/jadebyurei/Desktop/flaphl/src/Flaphl/Element/Cache/Tests/Adapter/ArrayAdapterTest.php" line="264" class="Flaphl\Element\Cache\Tests\Adapter\ArrayAdapterTest" classname="Flaphl.Element.Cache.Tests.Adapter.ArrayAdapterTest" assertions="3" time="0.000164"/>
      </testsuite>
      <testsuite name="Flaphl\Element\Cache\Tests\Adapter\Psr16AdapterTest" file="/Users/jadebyurei/Desktop/flaphl/src/Flaphl/Element/Cache/Tests/Adapter/Psr16AdapterTest.php" tests="18" assertions="52" errors="0" failures="0" skipped="0" time="0.003786">
        <testcase name="testBasicGetSet" file="/Users/jadebyurei/Desktop/flaphl/src/Flaphl/Element/Cache/Tests/Adapter/Psr16AdapterTest.php" line="41" class="Flaphl\Element\Cache\Tests\Adapter\Psr16AdapterTest" classname="Flaphl.Element.Cache.Tests.Adapter.Psr16AdapterTest" assertions="2" time="0.000656"/>
        <testcase name="testGetWithDefault" file="/Users/jadebyurei/Desktop/flaphl/src/Flaphl/Element/Cache/Tests/Adapter/Psr16AdapterTest.php" line="47" class="Flaphl\Element\Cache\Tests\Adapter\Psr16AdapterTest" classname="Flaphl.Element.Cache.Tests.Adapter.Psr16AdapterTest" assertions="2" time="0.000313"/>
        <testcase name="testSetWithTtl" file="/Users/jadebyurei/Desktop/flaphl/src/Flaphl/Element/Cache/Tests/Adapter/Psr16AdapterTest.php" line="53" class="Flaphl\Element\Cache\Tests\Adapter\Psr16AdapterTest" classname="Flaphl.Element.Cache.Tests.Adapter.Psr16AdapterTest" assertions="4" time="0.000192"/>
        <testcase name="testDelete" file="/Users/jadebyurei/Desktop/flaphl/src/Flaphl/Element/Cache/Tests/Adapter/Psr16AdapterTest.php" line="65" class="Flaphl\Element\Cache\Tests\Adapter\Psr16AdapterTest" classname="Flaphl.Element.Cache.Tests.Adapter.Psr16AdapterTest" assertions="3" time="0.000147"/>
        <testcase name="testClear" file="/Users/jadebyurei/Desktop/flaphl/src/Flaphl/Element/Cache/Tests/Adapter/Psr16AdapterTest.php" line="74" class="Flaphl\Element\Cache\Tests\Adapter\Psr16AdapterTest" classname="Flaphl.Element.Cache.Tests.Adapter.Psr16AdapterTest" assertions="3" time="0.000138"/>
        <testcase name="testGetMultiple" file="/Users/jadebyurei/Desktop/flaphl/src/Flaphl/Element/Cache/Tests/Adapter/Psr16AdapterTest.php" line="84" class="Flaphl\Element\Cache\Tests\Adapter\Psr16AdapterTest" classname="Flaphl.Element.Cache.Tests.Adapter.Psr16AdapterTest" assertions="1" time="0.000156"/>
        <testcase name="testSetMultiple" file="/Users/jadebyurei/Desktop/flaphl/src/Flaphl/Element/Cache/Tests/Adapter/Psr16AdapterTest.php" line="100" class="Flaphl\Element\Cache\Tests\Adapter\Psr16AdapterTest" classname="Flaphl.Element.Cache.Tests.Adapter.Psr16AdapterTest" assertions="4" time="0.000151"/>
        <testcase name="testSetMultipleWithTtl" file="/Users/jadebyurei/Desktop/flaphl/src/Flaphl/Element/Cache/Tests/Adapter/Psr16AdapterTest.php" line="115" class="Flaphl\Element\Cache\Tests\Adapter\Psr16AdapterTest" classname="Flaphl.Element.Cache.Tests.Adapter.Psr16AdapterTest" assertions="3" time="0.000147"/>
        <testcase name="testDeleteMultiple" file="/Users/jadebyurei/Desktop/flaphl/src/Flaphl/Element/Cache/Tests/Adapter/Psr16AdapterTest.php" line="124" class="Flaphl\Element\Cache\Tests\Adapter\Psr16AdapterTest" classname="Flaphl.Element.Cache.Tests.Adapter.Psr16AdapterTest" assertions="4" time="0.000144"/>
        <testcase name="testHas" file="/Users/jadebyurei/Desktop/flaphl/src/Flaphl/Element/Cache/Tests/Adapter/Psr16AdapterTest.php" line="137" class="Flaphl\Element\Cache\Tests\Adapter\Psr16AdapterTest" classname="Flaphl.Element.Cache.Tests.Adapter.Psr16AdapterTest" assertions="3" time="0.000130"/>
        <testcase name="testInvalidKeyThrowsException" file="/Users/jadebyurei/Desktop/flaphl/src/Flaphl/Element/Cache/Tests/Adapter/Psr16AdapterTest.php" line="148" class="Flaphl\Element\Cache\Tests\Adapter\Psr16AdapterTest" classname="Flaphl.Element.Cache.Tests.Adapter.Psr16AdapterTest" assertions="1" time="0.000512"/>
        <testcase name="testKeyTooLongThrowsException" file="/Users/jadebyurei/Desktop/flaphl/src/Flaphl/Element/Cache/Tests/Adapter/Psr16AdapterTest.php" line="154" class="Flaphl\Element\Cache\Tests\Adapter\Psr16AdapterTest" classname="Flaphl.Element.Cache.Tests.Adapter.Psr16AdapterTest" assertions="1" time="0.000146"/>
        <testcase name="testKeyWithReservedCharactersThrowsException" file="/Users/jadebyurei/Desktop/flaphl/src/Flaphl/Element/Cache/Tests/Adapter/Psr16AdapterTest.php" line="162" class="Flaphl\Element\Cache\Tests\Adapter\Psr16AdapterTest" classname="Flaphl.Element.Cache.Tests.Adapter.Psr16AdapterTest" assertions="1" time="0.000149"/>
        <testcase name="testNonStringKeyInMultipleOperationThrowsException" file="/Users/jadebyurei/Desktop/flaphl/src/Flaphl/Element/Cache/Tests/Adapter/Psr16AdapterTest.php" line="168" class="Flaphl\Element\Cache\Tests\Adapter\Psr16AdapterTest" classname="Flaphl.Element.Cache.Tests.Adapter.Psr16AdapterTest" assertions="1" time="0.000146"/>
        <testcase name="testNonStringKeyInSetMultipleThrowsException" file="/Users/jadebyurei/Desktop/flaphl/src/Flaphl/Element/Cache/Tests/Adapter/Psr16AdapterTest.php" line="174" class="Flaphl\Element\Cache\Tests\Adapter\Psr16AdapterTest" classname="Flaphl.Element.Cache.Tests.Adapter.Psr16AdapterTest" assertions="1" time="0.000139"/>
        <testcase name="testGetPool" file="/Users/jadebyurei/Desktop/flaphl/src/Flaphl/Element/Cache/Tests/Adapter/Psr16AdapterTest.php" line="180" class="Flaphl\Element\Cache\Tests\Adapter\Psr16AdapterTest" classname="Flaphl.Element.Cache.Tests.Adapter.Psr16AdapterTest" assertions="1" time="0.000122"/>
        <testcase name="testVariousDataTypes" file="/Users/jadebyurei/Desktop/flaphl/src/Flaphl/Element/Cache/Tests/Adapter/Psr16AdapterTest.php" line="186" class="Flaphl\Element\Cache\Tests\Adapter\Psr16AdapterTest" classname="Flaphl.Element.Cache.Tests.Adapter.Psr16AdapterTest" assertions="14" time="0.000173"/>
        <testcase name="testEmptyKeysArray" file="/Users/jadebyurei/Desktop/flaphl/src/Flaphl/Element/Cache/Tests/Adapter/Psr16AdapterTest.php" line="204" class="Flaphl\Element\Cache\Tests\Adapter\Psr16AdapterTest" classname="Flaphl.Element.Cache.Tests.Adapter.Psr16AdapterTest" assertions="3" time="0.000224"/>
      </testsuite>
      <testsuite name="Flaphl\Element\Cache\Tests\Adapter\TagAwareAdapterTest" file="/Users/jadebyurei/Desktop/flaphl/src/Flaphl/Element/Cache/Tests/Adapter/TagAwareAdapterTest.php" tests="14" assertions="46" errors="0" failures="0" skipped="0" time="0.003847">
        <testcase name="testImplementsInterface" file="/Users/jadebyurei/Desktop/flaphl/src/Flaphl/Element/Cache/Tests/Adapter/TagAwareAdapterTest.php" line="38" class="Flaphl\Element\Cache\Tests\Adapter\TagAwareAdapterTest" classname="Flaphl.Element.Cache.Tests.Adapter.TagAwareAdapterTest" assertions="1" time="0.001013"/>
        <testcase name="testSaveItemWithTags" file="/Users/jadebyurei/Desktop/flaphl/src/Flaphl/Element/Cache/Tests/Adapter/TagAwareAdapterTest.php" line="43" class="Flaphl\Element\Cache\Tests\Adapter\TagAwareAdapterTest" classname="Flaphl.Element.Cache.Tests.Adapter.TagAwareAdapterTest" assertions="4" time="0.000443"/>
        <testcase name="testInvalidateTags" file="/Users/jadebyurei/Desktop/flaphl/src/Flaphl/Element/Cache/Tests/Adapter/TagAwareAdapterTest.php" line="58" class="Flaphl\Element\Cache\Tests\Adapter\TagAwareAdapterTest" classname="Flaphl.Element.Cache.Tests.Adapter.TagAwareAdapterTest" assertions="4" time="0.000225"/>
        <testcase name="testInvalidateTagsString" file="/Users/jadebyurei/Desktop/flaphl/src/Flaphl/Element/Cache/Tests/Adapter/TagAwareAdapterTest.php" line="87" class="Flaphl\Element\Cache\Tests\Adapter\TagAwareAdapterTest" classname="Flaphl.Element.Cache.Tests.Adapter.TagAwareAdapterTest" assertions="2" time="0.000158"/>
        <testcase name="testGetTaggedItems" file="/Users/jadebyurei/Desktop/flaphl/src/Flaphl/Element/Cache/Tests/Adapter/TagAwareAdapterTest.php" line="100" class="Flaphl\Element\Cache\Tests\Adapter\TagAwareAdapterTest" classname="Flaphl.Element.Cache.Tests.Adapter.TagAwareAdapterTest" assertions="4" time="0.000541"/>
        <testcase name="testGetTagStats" file="/Users/jadebyurei/Desktop/flaphl/src/Flaphl/Element/Cache/Tests/Adapter/TagAwareAdapterTest.php" line="126" class="Flaphl\Element\Cache\Tests\Adapter\TagAwareAdapterTest" classname="Flaphl.Element.Cache.Tests.Adapter.TagAwareAdapterTest" assertions="5" time="0.000179"/>
        <testcase name="testPruneOrphanedTags" file="/Users/jadebyurei/Desktop/flaphl/src/Flaphl/Element/Cache/Tests/Adapter/TagAwareAdapterTest.php" line="148" class="Flaphl\Element\Cache\Tests\Adapter\TagAwareAdapterTest" classname="Flaphl.Element.Cache.Tests.Adapter.TagAwareAdapterTest" assertions="3" time="0.000285"/>
        <testcase name="testClearTagsRemovesTagIndex" file="/Users/jadebyurei/Desktop/flaphl/src/Flaphl/Element/Cache/Tests/Adapter/TagAwareAdapterTest.php" line="172" class="Flaphl\Element\Cache\Tests\Adapter\TagAwareAdapterTest" classname="Flaphl.Element.Cache.Tests.Adapter.TagAwareAdapterTest" assertions="1" time="0.000146"/>
        <testcase name="testMaxTagsPerItemLimit" file="/Users/jadebyurei/Desktop/flaphl/src/Flaphl/Element/Cache/Tests/Adapter/TagAwareAdapterTest.php" line="187" class="Flaphl\Element\Cache\Tests\Adapter\TagAwareAdapterTest" classname="Flaphl.Element.Cache.Tests.Adapter.TagAwareAdapterTest" assertions="2" time="0.000164"/>
        <testcase name="testGetConfiguration" file="/Users/jadebyurei/Desktop/flaphl/src/Flaphl/Element/Cache/Tests/Adapter/TagAwareAdapterTest.php" line="209" class="Flaphl\Element\Cache\Tests\Adapter\TagAwareAdapterTest" classname="Flaphl.Element.Cache.Tests.Adapter.TagAwareAdapterTest" assertions="7" time="0.000126"/>
        <testcase name="testSupportsTagAwareFeatures" file="/Users/jadebyurei/Desktop/flaphl/src/Flaphl/Element/Cache/Tests/Adapter/TagAwareAdapterTest.php" line="222" class="Flaphl\Element\Cache\Tests\Adapter\TagAwareAdapterTest" classname="Flaphl.Element.Cache.Tests.Adapter.TagAwareAdapterTest" assertions="3" time="0.000122"/>
        <testcase name="testTagAwareGetStats" file="/Users/jadebyurei/Desktop/flaphl/src/Flaphl/Element/Cache/Tests/Adapter/TagAwareAdapterTest.php" line="229" class="Flaphl\Element\Cache\Tests\Adapter\TagAwareAdapterTest" classname="Flaphl.Element.Cache.Tests.Adapter.TagAwareAdapterTest" assertions="5" time="0.000153"/>
        <testcase name="testWithNamespacePreservesTagging" file="/Users/jadebyurei/Desktop/flaphl/src/Flaphl/Element/Cache/Tests/Adapter/TagAwareAdapterTest.php" line="246" class="Flaphl\Element\Cache\Tests\Adapter\TagAwareAdapterTest" classname="Flaphl.Element.Cache.Tests.Adapter.TagAwareAdapterTest" assertions="2" time="0.000156"/>
        <testcase name="testDeferredItemsWithTags" file="/Users/jadebyurei/Desktop/flaphl/src/Flaphl/Element/Cache/Tests/Adapter/TagAwareAdapterTest.php" line="260" class="Flaphl\Element\Cache\Tests\Adapter\TagAwareAdapterTest" classname="Flaphl.Element.Cache.Tests.Adapter.TagAwareAdapterTest" assertions="3" time="0.000137"/>
      </testsuite>
      <testsuite name="Flaphl\Element\Cache\Tests\CacheItemTest" file="/Users/jadebyurei/Desktop/flaphl/src/Flaphl/Element/Cache/Tests/CacheItemTest.php" tests="22" assertions="48" errors="0" failures="0" skipped="0" time="0.007259">
        <testcase name="testImplementsInterfaces" file="/Users/jadebyurei/Desktop/flaphl/src/Flaphl/Element/Cache/Tests/CacheItemTest.php" line="25" class="Flaphl\Element\Cache\Tests\CacheItemTest" classname="Flaphl.Element.Cache.Tests.CacheItemTest" assertions="2" time="0.000400"/>
        <testcase name="testGetKey" file="/Users/jadebyurei/Desktop/flaphl/src/Flaphl/Element/Cache/Tests/CacheItemTest.php" line="31" class="Flaphl\Element\Cache\Tests\CacheItemTest" classname="Flaphl.Element.Cache.Tests.CacheItemTest" assertions="1" time="0.000226"/>
        <testcase name="testGetValue" file="/Users/jadebyurei/Desktop/flaphl/src/Flaphl/Element/Cache/Tests/CacheItemTest.php" line="36" class="Flaphl\Element\Cache\Tests\CacheItemTest" classname="Flaphl.Element.Cache.Tests.CacheItemTest" assertions="1" time="0.000273"/>
        <testcase name="testIsHit" file="/Users/jadebyurei/Desktop/flaphl/src/Flaphl/Element/Cache/Tests/CacheItemTest.php" line="41" class="Flaphl\Element\Cache\Tests\CacheItemTest" classname="Flaphl.Element.Cache.Tests.CacheItemTest" assertions="2" time="0.000486"/>
        <testcase name="testSetValue" file="/Users/jadebyurei/Desktop/flaphl/src/Flaphl/Element/Cache/Tests/CacheItemTest.php" line="49" class="Flaphl\Element\Cache\Tests\CacheItemTest" classname="Flaphl.Element.Cache.Tests.CacheItemTest" assertions="1" time="0.000134"/>
        <testcase name="testExpiresAt" file="/Users/jadebyurei/Desktop/flaphl/src/Flaphl/Element/Cache/Tests/CacheItemTest.php" line="55" class="Flaphl\Element\Cache\Tests\CacheItemTest" classname="Flaphl.Element.Cache.Tests.CacheItemTest" assertions="1" time="0.000231"/>
        <testcase name="testExpiresAfter" file="/Users/jadebyurei/Desktop/flaphl/src/Flaphl/Element/Cache/Tests/CacheItemTest.php" line="63" class="Flaphl\Element\Cache\Tests\CacheItemTest" classname="Flaphl.Element.Cache.Tests.CacheItemTest" assertions="2" time="0.000493"/>
        <testcase name="testExpiresAfterWithInteger" file="/Users/jadebyurei/Desktop/flaphl/src/Flaphl/Element/Cache/Tests/CacheItemTest.php" line="80" class="Flaphl\Element\Cache\Tests\CacheItemTest" classname="Flaphl.Element.Cache.Tests.CacheItemTest" assertions="2" time="0.000147"/>
        <testcase name="testTagging" file="/Users/jadebyurei/Desktop/flaphl/src/Flaphl/Element/Cache/Tests/CacheItemTest.php" line="96" class="Flaphl\Element\Cache\Tests\CacheItemTest" classname="Flaphl.Element.Cache.Tests.CacheItemTest" assertions="2" time="0.000123"/>
        <testcase name="testGetMetadata" file="/Users/jadebyurei/Desktop/flaphl/src/Flaphl/Element/Cache/Tests/CacheItemTest.php" line="105" class="Flaphl\Element\Cache\Tests\CacheItemTest" classname="Flaphl.Element.Cache.Tests.CacheItemTest" assertions="4" time="0.001538"/>
        <testcase name="testIsExpired" file="/Users/jadebyurei/Desktop/flaphl/src/Flaphl/Element/Cache/Tests/CacheItemTest.php" line="115" class="Flaphl\Element\Cache\Tests\CacheItemTest" classname="Flaphl.Element.Cache.Tests.CacheItemTest" assertions="3" time="0.000253"/>
        <testcase name="testSetMetadata" file="/Users/jadebyurei/Desktop/flaphl/src/Flaphl/Element/Cache/Tests/CacheItemTest.php" line="129" class="Flaphl\Element\Cache\Tests\CacheItemTest" classname="Flaphl.Element.Cache.Tests.CacheItemTest" assertions="2" time="0.000195"/>
        <testcase name="testHasValue" file="/Users/jadebyurei/Desktop/flaphl/src/Flaphl/Element/Cache/Tests/CacheItemTest.php" line="137" class="Flaphl\Element\Cache\Tests\CacheItemTest" classname="Flaphl.Element.Cache.Tests.CacheItemTest" assertions="2" time="0.000221"/>
        <testcase name="testGetTtl" file="/Users/jadebyurei/Desktop/flaphl/src/Flaphl/Element/Cache/Tests/CacheItemTest.php" line="145" class="Flaphl\Element\Cache\Tests\CacheItemTest" classname="Flaphl.Element.Cache.Tests.CacheItemTest" assertions="5" time="0.000221"/>
        <testcase name="testWithKey" file="/Users/jadebyurei/Desktop/flaphl/src/Flaphl/Element/Cache/Tests/CacheItemTest.php" line="158" class="Flaphl\Element\Cache\Tests\CacheItemTest" classname="Flaphl.Element.Cache.Tests.CacheItemTest" assertions="3" time="0.000139"/>
        <testcase name="testInvalidKeyValidation" file="/Users/jadebyurei/Desktop/flaphl/src/Flaphl/Element/Cache/Tests/CacheItemTest.php" line="169" class="Flaphl\Element\Cache\Tests\CacheItemTest" classname="Flaphl.Element.Cache.Tests.CacheItemTest" assertions="1" time="0.000192"/>
        <testcase name="testInvalidTagValidation" file="/Users/jadebyurei/Desktop/flaphl/src/Flaphl/Element/Cache/Tests/CacheItemTest.php" line="175" class="Flaphl\Element\Cache\Tests\CacheItemTest" classname="Flaphl.Element.Cache.Tests.CacheItemTest" assertions="1" time="0.000244"/>
        <testcase name="testClone" file="/Users/jadebyurei/Desktop/flaphl/src/Flaphl/Element/Cache/Tests/CacheItemTest.php" line="181" class="Flaphl\Element\Cache\Tests\CacheItemTest" classname="Flaphl.Element.Cache.Tests.CacheItemTest" assertions="2" time="0.000195"/>
        <testcase name="testToArray" file="/Users/jadebyurei/Desktop/flaphl/src/Flaphl/Element/Cache/Tests/CacheItemTest.php" line="194" class="Flaphl\Element\Cache\Tests\CacheItemTest" classname="Flaphl.Element.Cache.Tests.CacheItemTest" assertions="7" time="0.000179"/>
        <testcase name="testExpiresAfterWithZero" file="/Users/jadebyurei/Desktop/flaphl/src/Flaphl/Element/Cache/Tests/CacheItemTest.php" line="210" class="Flaphl\Element\Cache\Tests\CacheItemTest" classname="Flaphl.Element.Cache.Tests.CacheItemTest" assertions="1" time="0.000759"/>
        <testcase name="testExpiresAfterWithNegative" file="/Users/jadebyurei/Desktop/flaphl/src/Flaphl/Element/Cache/Tests/CacheItemTest.php" line="216" class="Flaphl\Element\Cache\Tests\CacheItemTest" classname="Flaphl.Element.Cache.Tests.CacheItemTest" assertions="1" time="0.000135"/>
        <testcase name="testExpiresAfterWithNull" file="/Users/jadebyurei/Desktop/flaphl/src/Flaphl/Element/Cache/Tests/CacheItemTest.php" line="222" class="Flaphl\Element\Cache\Tests\CacheItemTest" classname="Flaphl.Element.Cache.Tests.CacheItemTest" assertions="2" time="0.000476"/>
      </testsuite>
      <testsuite name="Flaphl\Element\Cache\Tests\Exception\ExceptionTest" file="/Users/jadebyurei/Desktop/flaphl/src/Flaphl/Element/Cache/Tests/Exception/ExceptionTest.php" tests="13" assertions="38" errors="0" failures="0" skipped="0" time="0.002695">
        <testcase name="testCacheExceptionImplementsPsrInterface" file="/Users/jadebyurei/Desktop/flaphl/src/Flaphl/Element/Cache/Tests/Exception/ExceptionTest.php" line="18" class="Flaphl\Element\Cache\Tests\Exception\ExceptionTest" classname="Flaphl.Element.Cache.Tests.Exception.ExceptionTest" assertions="3" time="0.000186"/>
        <testcase name="testInvalidArgumentExceptionImplementsPsrInterface" file="/Users/jadebyurei/Desktop/flaphl/src/Flaphl/Element/Cache/Tests/Exception/ExceptionTest.php" line="27" class="Flaphl\Element\Cache\Tests\Exception\ExceptionTest" classname="Flaphl.Element.Cache.Tests.Exception.ExceptionTest" assertions="3" time="0.000139"/>
        <testcase name="testCacheExceptionFactoryMethods" file="/Users/jadebyurei/Desktop/flaphl/src/Flaphl/Element/Cache/Tests/Exception/ExceptionTest.php" line="36" class="Flaphl\Element\Cache\Tests\Exception\ExceptionTest" classname="Flaphl.Element.Cache.Tests.Exception.ExceptionTest" assertions="4" time="0.000754"/>
        <testcase name="testCacheExceptionForAdapter" file="/Users/jadebyurei/Desktop/flaphl/src/Flaphl/Element/Cache/Tests/Exception/ExceptionTest.php" line="50" class="Flaphl\Element\Cache\Tests\Exception\ExceptionTest" classname="Flaphl.Element.Cache.Tests.Exception.ExceptionTest" assertions="3" time="0.000135"/>
        <testcase name="testInvalidArgumentExceptionFactoryMethods" file="/Users/jadebyurei/Desktop/flaphl/src/Flaphl/Element/Cache/Tests/Exception/ExceptionTest.php" line="62" class="Flaphl\Element\Cache\Tests\Exception\ExceptionTest" classname="Flaphl.Element.Cache.Tests.Exception.ExceptionTest" assertions="3" time="0.000127"/>
        <testcase name="testInvalidArgumentExceptionForInvalidTtl" file="/Users/jadebyurei/Desktop/flaphl/src/Flaphl/Element/Cache/Tests/Exception/ExceptionTest.php" line="73" class="Flaphl\Element\Cache\Tests\Exception\ExceptionTest" classname="Flaphl.Element.Cache.Tests.Exception.ExceptionTest" assertions="3" time="0.000208"/>
        <testcase name="testInvalidArgumentExceptionForInvalidTag" file="/Users/jadebyurei/Desktop/flaphl/src/Flaphl/Element/Cache/Tests/Exception/ExceptionTest.php" line="84" class="Flaphl\Element\Cache\Tests\Exception\ExceptionTest" classname="Flaphl.Element.Cache.Tests.Exception.ExceptionTest" assertions="3" time="0.000165"/>
        <testcase name="testLogicExceptionForInvalidConfiguration" file="/Users/jadebyurei/Desktop/flaphl/src/Flaphl/Element/Cache/Tests/Exception/ExceptionTest.php" line="95" class="Flaphl\Element\Cache\Tests\Exception\ExceptionTest" classname="Flaphl.Element.Cache.Tests.Exception.ExceptionTest" assertions="4" time="0.000302"/>
        <testcase name="testLogicExceptionForUnsupportedOperation" file="/Users/jadebyurei/Desktop/flaphl/src/Flaphl/Element/Cache/Tests/Exception/ExceptionTest.php" line="108" class="Flaphl\Element\Cache\Tests\Exception\ExceptionTest" classname="Flaphl.Element.Cache.Tests.Exception.ExceptionTest" assertions="3" time="0.000127"/>
        <testcase name="testBadMethodCallException" file="/Users/jadebyurei/Desktop/flaphl/src/Flaphl/Element/Cache/Tests/Exception/ExceptionTest.php" line="120" class="Flaphl\Element\Cache\Tests\Exception\ExceptionTest" classname="Flaphl.Element.Cache.Tests.Exception.ExceptionTest" assertions="3" time="0.000223"/>
        <testcase name="testExceptionChaining" file="/Users/jadebyurei/Desktop/flaphl/src/Flaphl/Element/Cache/Tests/Exception/ExceptionTest.php" line="132" class="Flaphl\Element\Cache\Tests\Exception\ExceptionTest" classname="Flaphl.Element.Cache.Tests.Exception.ExceptionTest" assertions="3" time="0.000117"/>
        <testcase name="testExceptionCodePropagation" file="/Users/jadebyurei/Desktop/flaphl/src/Flaphl/Element/Cache/Tests/Exception/ExceptionTest.php" line="157" class="Flaphl\Element\Cache\Tests\Exception\ExceptionTest" classname="Flaphl.Element.Cache.Tests.Exception.ExceptionTest" assertions="1" time="0.000107"/>
        <testcase name="testExceptionContext" file="/Users/jadebyurei/Desktop/flaphl/src/Flaphl/Element/Cache/Tests/Exception/ExceptionTest.php" line="165" class="Flaphl\Element\Cache\Tests\Exception\ExceptionTest" classname="Flaphl.Element.Cache.Tests.Exception.ExceptionTest" assertions="2" time="0.000104"/>
      </testsuite>
      <testsuite name="Flaphl\Element\Cache\Tests\Integration\CacheSystemIntegrationTest" file="/Users/jadebyurei/Desktop/flaphl/src/Flaphl/Element/Cache/Tests/Integration/CacheSystemIntegrationTest.php" tests="11" assertions="59" errors="0" failures="1" skipped="0" time="2.024418">
        <testcase name="testBasicCacheWorkflow" file="/Users/jadebyurei/Desktop/flaphl/src/Flaphl/Element/Cache/Tests/Integration/CacheSystemIntegrationTest.php" line="36" class="Flaphl\Element\Cache\Tests\Integration\CacheSystemIntegrationTest" classname="Flaphl.Element.Cache.Tests.Integration.CacheSystemIntegrationTest" assertions="4" time="0.002066"/>
        <testcase name="testTagAwareCaching" file="/Users/jadebyurei/Desktop/flaphl/src/Flaphl/Element/Cache/Tests/Integration/CacheSystemIntegrationTest.php" line="52" class="Flaphl\Element\Cache\Tests\Integration\CacheSystemIntegrationTest" classname="Flaphl.Element.Cache.Tests.Integration.CacheSystemIntegrationTest" assertions="6" time="0.000402"/>
        <testcase name="testConcurrentAccess" file="/Users/jadebyurei/Desktop/flaphl/src/Flaphl/Element/Cache/Tests/Integration/CacheSystemIntegrationTest.php" line="86" class="Flaphl\Element\Cache\Tests\Integration\CacheSystemIntegrationTest" classname="Flaphl.Element.Cache.Tests.Integration.CacheSystemIntegrationTest" assertions="2" time="0.012277">
          <failure type="PHPUnit\Framework\ExpectationFailedException">Flaphl\Element\Cache\Tests\Integration\CacheSystemIntegrationTest::testConcurrentAccess
Failed asserting that true is false.

/Users/jadebyurei/Desktop/flaphl/src/Flaphl/Element/Cache/Tests/Integration/CacheSystemIntegrationTest.php:95</failure>
        </testcase>
        <testcase name="testLockedCacheOperations" file="/Users/jadebyurei/Desktop/flaphl/src/Flaphl/Element/Cache/Tests/Integration/CacheSystemIntegrationTest.php" line="105" class="Flaphl\Element\Cache\Tests\Integration\CacheSystemIntegrationTest" classname="Flaphl.Element.Cache.Tests.Integration.CacheSystemIntegrationTest" assertions="3" time="0.000787"/>
        <testcase name="testComplexDataStructures" file="/Users/jadebyurei/Desktop/flaphl/src/Flaphl/Element/Cache/Tests/Integration/CacheSystemIntegrationTest.php" line="126" class="Flaphl\Element\Cache\Tests\Integration\CacheSystemIntegrationTest" classname="Flaphl.Element.Cache.Tests.Integration.CacheSystemIntegrationTest" assertions="5" time="0.000402"/>
        <testcase name="testCacheExpiration" file="/Users/jadebyurei/Desktop/flaphl/src/Flaphl/Element/Cache/Tests/Integration/CacheSystemIntegrationTest.php" line="163" class="Flaphl\Element\Cache\Tests\Integration\CacheSystemIntegrationTest" classname="Flaphl.Element.Cache.Tests.Integration.CacheSystemIntegrationTest" assertions="3" time="2.006657"/>
        <testcase name="testDeferredSaving" file="/Users/jadebyurei/Desktop/flaphl/src/Flaphl/Element/Cache/Tests/Integration/CacheSystemIntegrationTest.php" line="190" class="Flaphl\Element\Cache\Tests\Integration\CacheSystemIntegrationTest" classname="Flaphl.Element.Cache.Tests.Integration.CacheSystemIntegrationTest" assertions="16" time="0.000383"/>
        <testcase name="testNamespacedCaching" file="/Users/jadebyurei/Desktop/flaphl/src/Flaphl/Element/Cache/Tests/Integration/CacheSystemIntegrationTest.php" line="218" class="Flaphl\Element\Cache\Tests\Integration\CacheSystemIntegrationTest" classname="Flaphl.Element.Cache.Tests.Integration.CacheSystemIntegrationTest" assertions="4" time="0.000224"/>
        <testcase name="testCacheStatistics" file="/Users/jadebyurei/Desktop/flaphl/src/Flaphl/Element/Cache/Tests/Integration/CacheSystemIntegrationTest.php" line="245" class="Flaphl\Element\Cache\Tests\Integration\CacheSystemIntegrationTest" classname="Flaphl.Element.Cache.Tests.Integration.CacheSystemIntegrationTest" assertions="11" time="0.000744"/>
        <testcase name="testMemoryManagement" file="/Users/jadebyurei/Desktop/flaphl/src/Flaphl/Element/Cache/Tests/Integration/CacheSystemIntegrationTest.php" line="271" class="Flaphl\Element\Cache\Tests\Integration\CacheSystemIntegrationTest" classname="Flaphl.Element.Cache.Tests.Integration.CacheSystemIntegrationTest" assertions="4" time="0.000274"/>
        <testcase name="testErrorHandling" file="/Users/jadebyurei/Desktop/flaphl/src/Flaphl/Element/Cache/Tests/Integration/CacheSystemIntegrationTest.php" line="298" class="Flaphl\Element\Cache\Tests\Integration\CacheSystemIntegrationTest" classname="Flaphl.Element.Cache.Tests.Integration.CacheSystemIntegrationTest" assertions="1" time="0.000202"/>
      </testsuite>
    </testsuite>
  </testsuite>
</testsuites>
